Using pre-set license
Built from '2020.2/release' branch; Version is '2020.2.4f1 (becced5a802b) revision 12504301'; Using compiler version '192528614'; Build Type 'Release'
OS: 'Windows 10 Home; OS build 19044.1586; Version 2009; 64bit' Language: 'en' Physical Memory: 8067 MB
BatchMode: 1, IsHumanControllingUs: 0, StartBugReporterOnCrash: 0, Is64bit: 1, IsPro: 0

 COMMAND LINE ARGUMENTS:
C:\Program Files\Unity\Hub\Editor\2020.2.4f1\Editor\Unity.exe
-adb2
-batchMode
-noUpm
-name
AssetImportWorker0
-projectPath
C:/Users/rebec/Documents/HT2021/For portfolio/IB3MRoughGame - Copy
-logFile
Logs/AssetImportWorker0.log
-srvPort
60069
Successfully changed project path to: C:/Users/rebec/Documents/HT2021/For portfolio/IB3MRoughGame - Copy
C:/Users/rebec/Documents/HT2021/For portfolio/IB3MRoughGame - Copy
Using Asset Import Pipeline V2.
Refreshing native plugins compatible for Editor in 42.70 ms, found 1 plugins.
Preloading 0 native plugins for Editor in 0.00 ms.
Initialize engine version: 2020.2.4f1 (becced5a802b)
[Subsystems] Discovering subsystems at path C:/Program Files/Unity/Hub/Editor/2020.2.4f1/Editor/Data/Resources/UnitySubsystems
[Subsystems] Discovering subsystems at path C:/Users/rebec/Documents/HT2021/For portfolio/IB3MRoughGame - Copy/Assets
GfxDevice: creating device client; threaded=0
Direct3D:
    Version:  Direct3D 11.0 [level 11.1]
    Renderer: NVIDIA GeForce GTX 1050 Ti (ID=0x1c8c)
    Vendor:   
    VRAM:     4021 MB
    Driver:   23.21.13.9125
Initialize mono
Mono path[0] = 'C:/Program Files/Unity/Hub/Editor/2020.2.4f1/Editor/Data/Managed'
Mono path[1] = 'C:/Program Files/Unity/Hub/Editor/2020.2.4f1/Editor/Data/MonoBleedingEdge/lib/mono/unityjit'
Mono config path = 'C:/Program Files/Unity/Hub/Editor/2020.2.4f1/Editor/Data/MonoBleedingEdge/etc'
Using monoOptions --debugger-agent=transport=dt_socket,embedding=1,server=y,suspend=n,address=127.0.0.1:56068
Begin MonoManager ReloadAssembly
Registering precompiled unity dll's ...
Register platform support module: C:/Program Files/Unity/Hub/Editor/2020.2.4f1/Editor/Data/PlaybackEngines/WebGLSupport/UnityEditor.WebGL.Extensions.dll
Register platform support module: C:/Program Files/Unity/Hub/Editor/2020.2.4f1/Editor/Data/PlaybackEngines/WindowsStandaloneSupport/UnityEditor.WindowsStandalone.Extensions.dll
Registered in 0.002475 seconds.
Native extension for WindowsStandalone target not found
Native extension for WebGL target not found
Refreshing native plugins compatible for Editor in 48.45 ms, found 1 plugins.
Preloading 0 native plugins for Editor in 0.00 ms.
Invoked RoslynAnalysisRunner static constructor.
RoslynAnalysisRunner will not be running.
RoslynAnalysisRunner has terminated.
Mono: successfully reloaded assembly
- Completed reload, in  3.032 seconds
Platform modules already initialized, skipping
Registering precompiled user dll's ...
Registered in 0.001605 seconds.
Begin MonoManager ReloadAssembly
Native extension for WindowsStandalone target not found
Native extension for WebGL target not found
Refreshing native plugins compatible for Editor in 48.38 ms, found 1 plugins.
Preloading 0 native plugins for Editor in 0.00 ms.
Invoked RoslynAnalysisRunner static constructor.
RoslynAnalysisRunner will not be running.
RoslynAnalysisRunner has terminated.
Mono: successfully reloaded assembly
- Completed reload, in  1.097 seconds
Platform modules already initialized, skipping
========================================================================
Worker process is ready to serve import requests
Launched and connected shader compiler UnityShaderCompiler.exe after 0.07 seconds
Refreshing native plugins compatible for Editor in 0.44 ms, found 1 plugins.
Preloading 0 native plugins for Editor in 0.00 ms.
Unloading 1888 Unused Serialized files (Serialized files now loaded: 0)
System memory in use before: 88.7 MB.
System memory in use after: 88.6 MB.

Unloading 24 unused Assets to reduce memory usage. Loaded Objects now: 2331.
Total: 2.797000 ms (FindLiveObjects: 0.560100 ms CreateObjectMapping: 0.211700 ms MarkObjects: 1.851900 ms  DeleteObjects: 0.171600 ms)

========================================================================
Received Import Request.
  path: Assets/Prefabs/ParallelButton.prefab
  artifactKey: Guid(3b5101764a6411c439e20050d43e05b8) Importer(815301076,1909f56bfc062723c751e8b465ee728b)
Start importing Assets/Prefabs/ParallelButton.prefab using Guid(3b5101764a6411c439e20050d43e05b8) Importer(815301076,1909f56bfc062723c751e8b465ee728b)  -> (artifact id: '0583f511d8025607c34caace79b39a94') in 0.121290 seconds
  Import took 0.125599 seconds .

========================================================================
Received Prepare
Registering precompiled user dll's ...
Registered in 0.002190 seconds.
Begin MonoManager ReloadAssembly
Native extension for WindowsStandalone target not found
Native extension for WebGL target not found
Refreshing native plugins compatible for Editor in 1.01 ms, found 1 plugins.
Preloading 0 native plugins for Editor in 0.00 ms.
Invoked RoslynAnalysisRunner static constructor.
RoslynAnalysisRunner will not be running.
RoslynAnalysisRunner has terminated.
Mono: successfully reloaded assembly
- Completed reload, in  1.744 seconds
Platform modules already initialized, skipping
Refreshing native plugins compatible for Editor in 1.68 ms, found 1 plugins.
Preloading 0 native plugins for Editor in 0.00 ms.
Unloading 1869 Unused Serialized files (Serialized files now loaded: 0)
System memory in use before: 87.6 MB.
System memory in use after: 87.6 MB.

Unloading 12 unused Assets to reduce memory usage. Loaded Objects now: 2334.
Total: 8.015800 ms (FindLiveObjects: 0.989000 ms CreateObjectMapping: 0.341500 ms MarkObjects: 6.340600 ms  DeleteObjects: 0.340800 ms)

========================================================================
Received Prepare
Registering precompiled user dll's ...
Registered in 0.000984 seconds.
Begin MonoManager ReloadAssembly
Native extension for WindowsStandalone target not found
Native extension for WebGL target not found
Refreshing native plugins compatible for Editor in 0.38 ms, found 1 plugins.
Preloading 0 native plugins for Editor in 0.00 ms.
Invoked RoslynAnalysisRunner static constructor.
RoslynAnalysisRunner will not be running.
RoslynAnalysisRunner has terminated.
Mono: successfully reloaded assembly
- Completed reload, in  0.959 seconds
Platform modules already initialized, skipping
Refreshing native plugins compatible for Editor in 0.63 ms, found 1 plugins.
Preloading 0 native plugins for Editor in 0.00 ms.
Unloading 1869 Unused Serialized files (Serialized files now loaded: 0)
System memory in use before: 87.6 MB.
System memory in use after: 87.6 MB.

Unloading 12 unused Assets to reduce memory usage. Loaded Objects now: 2337.
Total: 3.679200 ms (FindLiveObjects: 0.486400 ms CreateObjectMapping: 0.194200 ms MarkObjects: 2.858100 ms  DeleteObjects: 0.138500 ms)

========================================================================
Received Prepare
Registering precompiled user dll's ...
Registered in 0.001096 seconds.
Begin MonoManager ReloadAssembly
Native extension for WindowsStandalone target not found
Native extension for WebGL target not found
Refreshing native plugins compatible for Editor in 0.47 ms, found 1 plugins.
Preloading 0 native plugins for Editor in 0.00 ms.
Invoked RoslynAnalysisRunner static constructor.
RoslynAnalysisRunner will not be running.
RoslynAnalysisRunner has terminated.
Mono: successfully reloaded assembly
- Completed reload, in  0.983 seconds
Platform modules already initialized, skipping
Refreshing native plugins compatible for Editor in 0.65 ms, found 1 plugins.
Preloading 0 native plugins for Editor in 0.00 ms.
Unloading 1869 Unused Serialized files (Serialized files now loaded: 0)
System memory in use before: 87.6 MB.
System memory in use after: 87.6 MB.

Unloading 12 unused Assets to reduce memory usage. Loaded Objects now: 2340.
Total: 2.803300 ms (FindLiveObjects: 0.303000 ms CreateObjectMapping: 0.155300 ms MarkObjects: 2.183500 ms  DeleteObjects: 0.159800 ms)

========================================================================
Received Prepare
Registering precompiled user dll's ...
Registered in 0.001280 seconds.
Begin MonoManager ReloadAssembly
Native extension for WindowsStandalone target not found
Native extension for WebGL target not found
Refreshing native plugins compatible for Editor in 0.47 ms, found 1 plugins.
Preloading 0 native plugins for Editor in 0.00 ms.
Invoked RoslynAnalysisRunner static constructor.
RoslynAnalysisRunner will not be running.
RoslynAnalysisRunner has terminated.
Mono: successfully reloaded assembly
- Completed reload, in  1.154 seconds
Platform modules already initialized, skipping
Refreshing native plugins compatible for Editor in 0.45 ms, found 1 plugins.
Preloading 0 native plugins for Editor in 0.00 ms.
Unloading 1869 Unused Serialized files (Serialized files now loaded: 0)
System memory in use before: 87.7 MB.
System memory in use after: 87.6 MB.

Unloading 12 unused Assets to reduce memory usage. Loaded Objects now: 2343.
Total: 2.894000 ms (FindLiveObjects: 0.397600 ms CreateObjectMapping: 0.132400 ms MarkObjects: 2.221700 ms  DeleteObjects: 0.140800 ms)

========================================================================
Received Prepare
Registering precompiled user dll's ...
Registered in 0.001044 seconds.
Begin MonoManager ReloadAssembly
Native extension for WindowsStandalone target not found
Native extension for WebGL target not found
Refreshing native plugins compatible for Editor in 0.42 ms, found 1 plugins.
Preloading 0 native plugins for Editor in 0.00 ms.
Invoked RoslynAnalysisRunner static constructor.
RoslynAnalysisRunner will not be running.
RoslynAnalysisRunner has terminated.
Mono: successfully reloaded assembly
- Completed reload, in  0.966 seconds
Platform modules already initialized, skipping
Refreshing native plugins compatible for Editor in 0.42 ms, found 1 plugins.
Preloading 0 native plugins for Editor in 0.00 ms.
Unloading 1869 Unused Serialized files (Serialized files now loaded: 0)
System memory in use before: 87.7 MB.
System memory in use after: 87.7 MB.

Unloading 12 unused Assets to reduce memory usage. Loaded Objects now: 2346.
Total: 3.252400 ms (FindLiveObjects: 0.364100 ms CreateObjectMapping: 0.127500 ms MarkObjects: 2.601300 ms  DeleteObjects: 0.157800 ms)

========================================================================
Received Prepare
Registering precompiled user dll's ...
Registered in 0.000962 seconds.
Begin MonoManager ReloadAssembly
Native extension for WindowsStandalone target not found
Native extension for WebGL target not found
Refreshing native plugins compatible for Editor in 0.42 ms, found 1 plugins.
Preloading 0 native plugins for Editor in 0.00 ms.
Invoked RoslynAnalysisRunner static constructor.
RoslynAnalysisRunner will not be running.
RoslynAnalysisRunner has terminated.
Mono: successfully reloaded assembly
- Completed reload, in  0.958 seconds
Platform modules already initialized, skipping
Refreshing native plugins compatible for Editor in 0.44 ms, found 1 plugins.
Preloading 0 native plugins for Editor in 0.00 ms.
Unloading 1869 Unused Serialized files (Serialized files now loaded: 0)
System memory in use before: 87.7 MB.
System memory in use after: 87.7 MB.

Unloading 12 unused Assets to reduce memory usage. Loaded Objects now: 2349.
Total: 3.451700 ms (FindLiveObjects: 0.468100 ms CreateObjectMapping: 0.251500 ms MarkObjects: 2.573900 ms  DeleteObjects: 0.156000 ms)

========================================================================
Received Prepare
Registering precompiled user dll's ...
Registered in 0.001019 seconds.
Begin MonoManager ReloadAssembly
Native extension for WindowsStandalone target not found
Native extension for WebGL target not found
Refreshing native plugins compatible for Editor in 0.41 ms, found 1 plugins.
Preloading 0 native plugins for Editor in 0.00 ms.
Invoked RoslynAnalysisRunner static constructor.
RoslynAnalysisRunner will not be running.
RoslynAnalysisRunner has terminated.
Mono: successfully reloaded assembly
- Completed reload, in  0.970 seconds
Platform modules already initialized, skipping
Refreshing native plugins compatible for Editor in 0.53 ms, found 1 plugins.
Preloading 0 native plugins for Editor in 0.00 ms.
Unloading 1869 Unused Serialized files (Serialized files now loaded: 0)
System memory in use before: 87.7 MB.
System memory in use after: 87.7 MB.

Unloading 12 unused Assets to reduce memory usage. Loaded Objects now: 2352.
Total: 2.924900 ms (FindLiveObjects: 0.363900 ms CreateObjectMapping: 0.095100 ms MarkObjects: 2.282400 ms  DeleteObjects: 0.182600 ms)

========================================================================
Received Prepare
Registering precompiled user dll's ...
Registered in 0.000981 seconds.
Begin MonoManager ReloadAssembly
Native extension for WindowsStandalone target not found
Native extension for WebGL target not found
Refreshing native plugins compatible for Editor in 0.38 ms, found 1 plugins.
Preloading 0 native plugins for Editor in 0.00 ms.
Invoked RoslynAnalysisRunner static constructor.
RoslynAnalysisRunner will not be running.
RoslynAnalysisRunner has terminated.
Mono: successfully reloaded assembly
- Completed reload, in  0.936 seconds
Platform modules already initialized, skipping
Refreshing native plugins compatible for Editor in 0.40 ms, found 1 plugins.
Preloading 0 native plugins for Editor in 0.00 ms.
Unloading 1869 Unused Serialized files (Serialized files now loaded: 0)
System memory in use before: 87.7 MB.
System memory in use after: 87.7 MB.

Unloading 12 unused Assets to reduce memory usage. Loaded Objects now: 2355.
Total: 2.475300 ms (FindLiveObjects: 0.266500 ms CreateObjectMapping: 0.115800 ms MarkObjects: 1.914300 ms  DeleteObjects: 0.177600 ms)

========================================================================
Received Prepare
Registering precompiled user dll's ...
Registered in 0.001096 seconds.
Begin MonoManager ReloadAssembly
Native extension for WindowsStandalone target not found
Native extension for WebGL target not found
Refreshing native plugins compatible for Editor in 0.58 ms, found 1 plugins.
Preloading 0 native plugins for Editor in 0.00 ms.
Invoked RoslynAnalysisRunner static constructor.
RoslynAnalysisRunner will not be running.
RoslynAnalysisRunner has terminated.
Mono: successfully reloaded assembly
- Completed reload, in  0.971 seconds
Platform modules already initialized, skipping
Refreshing native plugins compatible for Editor in 0.47 ms, found 1 plugins.
Preloading 0 native plugins for Editor in 0.00 ms.
Unloading 1869 Unused Serialized files (Serialized files now loaded: 0)
System memory in use before: 87.7 MB.
System memory in use after: 87.7 MB.

Unloading 12 unused Assets to reduce memory usage. Loaded Objects now: 2358.
Total: 3.091200 ms (FindLiveObjects: 0.324200 ms CreateObjectMapping: 0.247500 ms MarkObjects: 2.332800 ms  DeleteObjects: 0.184300 ms)

========================================================================
Received Prepare
Registering precompiled user dll's ...
Registered in 0.001010 seconds.
Begin MonoManager ReloadAssembly
Native extension for WindowsStandalone target not found
Native extension for WebGL target not found
Refreshing native plugins compatible for Editor in 0.38 ms, found 1 plugins.
Preloading 0 native plugins for Editor in 0.00 ms.
Invoked RoslynAnalysisRunner static constructor.
RoslynAnalysisRunner will not be running.
RoslynAnalysisRunner has terminated.
Mono: successfully reloaded assembly
- Completed reload, in  0.962 seconds
Platform modules already initialized, skipping
Refreshing native plugins compatible for Editor in 0.41 ms, found 1 plugins.
Preloading 0 native plugins for Editor in 0.00 ms.
Unloading 1869 Unused Serialized files (Serialized files now loaded: 0)
System memory in use before: 87.7 MB.
System memory in use after: 87.7 MB.

Unloading 12 unused Assets to reduce memory usage. Loaded Objects now: 2361.
Total: 3.042400 ms (FindLiveObjects: 0.374200 ms CreateObjectMapping: 0.099900 ms MarkObjects: 2.392700 ms  DeleteObjects: 0.174700 ms)

========================================================================
Received Prepare
Registering precompiled user dll's ...
Registered in 0.001820 seconds.
Begin MonoManager ReloadAssembly
Native extension for WindowsStandalone target not found
Native extension for WebGL target not found
Refreshing native plugins compatible for Editor in 0.39 ms, found 1 plugins.
Preloading 0 native plugins for Editor in 0.00 ms.
Invoked RoslynAnalysisRunner static constructor.
RoslynAnalysisRunner will not be running.
RoslynAnalysisRunner has terminated.
Mono: successfully reloaded assembly
- Completed reload, in  1.023 seconds
Platform modules already initialized, skipping
Refreshing native plugins compatible for Editor in 0.45 ms, found 1 plugins.
Preloading 0 native plugins for Editor in 0.00 ms.
Unloading 1869 Unused Serialized files (Serialized files now loaded: 0)
System memory in use before: 87.7 MB.
System memory in use after: 87.7 MB.

Unloading 12 unused Assets to reduce memory usage. Loaded Objects now: 2364.
Total: 3.068500 ms (FindLiveObjects: 0.423600 ms CreateObjectMapping: 0.127700 ms MarkObjects: 2.334000 ms  DeleteObjects: 0.182100 ms)

========================================================================
Received Prepare
Registering precompiled user dll's ...
Registered in 0.001191 seconds.
Begin MonoManager ReloadAssembly
Native extension for WindowsStandalone target not found
Native extension for WebGL target not found
Refreshing native plugins compatible for Editor in 0.68 ms, found 1 plugins.
Preloading 0 native plugins for Editor in 0.00 ms.
Invoked RoslynAnalysisRunner static constructor.
RoslynAnalysisRunner will not be running.
RoslynAnalysisRunner has terminated.
Mono: successfully reloaded assembly
- Completed reload, in  0.952 seconds
Platform modules already initialized, skipping
Refreshing native plugins compatible for Editor in 1.49 ms, found 1 plugins.
Preloading 0 native plugins for Editor in 0.00 ms.
Unloading 1869 Unused Serialized files (Serialized files now loaded: 0)
System memory in use before: 87.7 MB.
System memory in use after: 87.7 MB.

Unloading 12 unused Assets to reduce memory usage. Loaded Objects now: 2367.
Total: 3.060500 ms (FindLiveObjects: 0.510000 ms CreateObjectMapping: 0.204500 ms MarkObjects: 2.218100 ms  DeleteObjects: 0.125600 ms)

========================================================================
Received Prepare
Registering precompiled user dll's ...
Registered in 0.001041 seconds.
Begin MonoManager ReloadAssembly
Native extension for WindowsStandalone target not found
Native extension for WebGL target not found
Refreshing native plugins compatible for Editor in 0.42 ms, found 1 plugins.
Preloading 0 native plugins for Editor in 0.00 ms.
Invoked RoslynAnalysisRunner static constructor.
RoslynAnalysisRunner will not be running.
RoslynAnalysisRunner has terminated.
Mono: successfully reloaded assembly
- Completed reload, in  0.974 seconds
Platform modules already initialized, skipping
Refreshing native plugins compatible for Editor in 0.41 ms, found 1 plugins.
Preloading 0 native plugins for Editor in 0.00 ms.
Unloading 1869 Unused Serialized files (Serialized files now loaded: 0)
System memory in use before: 87.7 MB.
System memory in use after: 87.7 MB.

Unloading 12 unused Assets to reduce memory usage. Loaded Objects now: 2370.
Total: 3.707200 ms (FindLiveObjects: 0.535700 ms CreateObjectMapping: 0.504100 ms MarkObjects: 2.522800 ms  DeleteObjects: 0.143000 ms)

========================================================================
Received Import Request.
  Time since last request: 963.152512 seconds.
  path: Assets/Prefabs/ParallelButton.prefab
  artifactKey: Guid(3b5101764a6411c439e20050d43e05b8) Importer(815301076,1909f56bfc062723c751e8b465ee728b)
Start importing Assets/Prefabs/ParallelButton.prefab using Guid(3b5101764a6411c439e20050d43e05b8) Importer(815301076,1909f56bfc062723c751e8b465ee728b)  -> (artifact id: 'fe4b272b70e2ef6bf2960e524c2de64f') in 0.084283 seconds
  Import took 0.088391 seconds .

========================================================================
Received Prepare
Registering precompiled user dll's ...
Registered in 0.001121 seconds.
Begin MonoManager ReloadAssembly
Native extension for WindowsStandalone target not found
Native extension for WebGL target not found
Refreshing native plugins compatible for Editor in 0.39 ms, found 1 plugins.
Preloading 0 native plugins for Editor in 0.00 ms.
Invoked RoslynAnalysisRunner static constructor.
RoslynAnalysisRunner will not be running.
RoslynAnalysisRunner has terminated.
Mono: successfully reloaded assembly
- Completed reload, in  0.949 seconds
Platform modules already initialized, skipping
Refreshing native plugins compatible for Editor in 0.41 ms, found 1 plugins.
Preloading 0 native plugins for Editor in 0.00 ms.
Unloading 1869 Unused Serialized files (Serialized files now loaded: 0)
System memory in use before: 87.7 MB.
System memory in use after: 87.7 MB.

Unloading 12 unused Assets to reduce memory usage. Loaded Objects now: 2373.
Total: 3.253800 ms (FindLiveObjects: 0.388600 ms CreateObjectMapping: 0.118700 ms MarkObjects: 2.583100 ms  DeleteObjects: 0.161000 ms)

========================================================================
Received Prepare
Registering precompiled user dll's ...
Registered in 0.001051 seconds.
Begin MonoManager ReloadAssembly
Native extension for WindowsStandalone target not found
Native extension for WebGL target not found
Refreshing native plugins compatible for Editor in 0.40 ms, found 1 plugins.
Preloading 0 native plugins for Editor in 0.00 ms.
Invoked RoslynAnalysisRunner static constructor.
RoslynAnalysisRunner will not be running.
RoslynAnalysisRunner has terminated.
Mono: successfully reloaded assembly
- Completed reload, in  0.948 seconds
Platform modules already initialized, skipping
Refreshing native plugins compatible for Editor in 0.56 ms, found 1 plugins.
Preloading 0 native plugins for Editor in 0.00 ms.
Unloading 1869 Unused Serialized files (Serialized files now loaded: 0)
System memory in use before: 87.7 MB.
System memory in use after: 87.7 MB.

Unloading 12 unused Assets to reduce memory usage. Loaded Objects now: 2376.
Total: 4.311200 ms (FindLiveObjects: 0.341300 ms CreateObjectMapping: 0.105900 ms MarkObjects: 3.676400 ms  DeleteObjects: 0.185000 ms)

========================================================================
Received Prepare
Registering precompiled user dll's ...
Registered in 0.001300 seconds.
Begin MonoManager ReloadAssembly
Native extension for WindowsStandalone target not found
Native extension for WebGL target not found
Refreshing native plugins compatible for Editor in 0.44 ms, found 1 plugins.
Preloading 0 native plugins for Editor in 0.00 ms.
Invoked RoslynAnalysisRunner static constructor.
RoslynAnalysisRunner will not be running.
RoslynAnalysisRunner has terminated.
Mono: successfully reloaded assembly
- Completed reload, in  1.092 seconds
Platform modules already initialized, skipping
Refreshing native plugins compatible for Editor in 0.46 ms, found 1 plugins.
Preloading 0 native plugins for Editor in 0.00 ms.
Unloading 1869 Unused Serialized files (Serialized files now loaded: 0)
System memory in use before: 87.8 MB.
System memory in use after: 87.7 MB.

Unloading 12 unused Assets to reduce memory usage. Loaded Objects now: 2379.
Total: 2.649500 ms (FindLiveObjects: 0.267100 ms CreateObjectMapping: 0.080600 ms MarkObjects: 2.167700 ms  DeleteObjects: 0.132400 ms)

========================================================================
Received Prepare
Registering precompiled user dll's ...
Registered in 0.001017 seconds.
Begin MonoManager ReloadAssembly
Native extension for WindowsStandalone target not found
Native extension for WebGL target not found
Refreshing native plugins compatible for Editor in 0.38 ms, found 1 plugins.
Preloading 0 native plugins for Editor in 0.00 ms.
Invoked RoslynAnalysisRunner static constructor.
RoslynAnalysisRunner will not be running.
RoslynAnalysisRunner has terminated.
Mono: successfully reloaded assembly
- Completed reload, in  0.931 seconds
Platform modules already initialized, skipping
Refreshing native plugins compatible for Editor in 0.41 ms, found 1 plugins.
Preloading 0 native plugins for Editor in 0.00 ms.
Unloading 1869 Unused Serialized files (Serialized files now loaded: 0)
System memory in use before: 87.8 MB.
System memory in use after: 87.8 MB.

Unloading 12 unused Assets to reduce memory usage. Loaded Objects now: 2382.
Total: 2.665300 ms (FindLiveObjects: 0.262800 ms CreateObjectMapping: 0.104700 ms MarkObjects: 2.103700 ms  DeleteObjects: 0.192500 ms)

========================================================================
Received Import Request.
  Time since last request: 341.170712 seconds.
  path: Assets/Animations/ParallelButton.controller
  artifactKey: Guid(07ec44ff045809e41874a302dc8a63a0) Importer(815301076,1909f56bfc062723c751e8b465ee728b)
Start importing Assets/Animations/ParallelButton.controller using Guid(07ec44ff045809e41874a302dc8a63a0) Importer(815301076,1909f56bfc062723c751e8b465ee728b)  -> (artifact id: 'b66d61c3c0e3365bc4724861bed15036') in 0.020135 seconds
  Import took 0.023793 seconds .

========================================================================
Received Import Request.
  Time since last request: 1.229442 seconds.
  path: Assets/Animations/messages_writingPrompt.controller
  artifactKey: Guid(d2fddb720caf0ff419d16aa7ca7023ca) Importer(815301076,1909f56bfc062723c751e8b465ee728b)
Start importing Assets/Animations/messages_writingPrompt.controller using Guid(d2fddb720caf0ff419d16aa7ca7023ca) Importer(815301076,1909f56bfc062723c751e8b465ee728b)  -> (artifact id: '1b02b562bdf26c6300eef849297e9c4a') in 0.015537 seconds
  Import took 0.020033 seconds .

========================================================================
Received Import Request.
  Time since last request: 0.608973 seconds.
  path: Assets/Animations/m_wPrompt.anim
  artifactKey: Guid(4056f83ded545cf45928b9201c51fb72) Importer(815301076,1909f56bfc062723c751e8b465ee728b)
Start importing Assets/Animations/m_wPrompt.anim using Guid(4056f83ded545cf45928b9201c51fb72) Importer(815301076,1909f56bfc062723c751e8b465ee728b)  -> (artifact id: 'b6f471c43b40cc3f0e6d8e5831cec85e') in 0.011362 seconds
  Import took 0.015131 seconds .

========================================================================
Received Import Request.
  Time since last request: 0.013253 seconds.
  path: Assets/Animations/m_wPrompt.anim
  artifactKey: Guid(4056f83ded545cf45928b9201c51fb72) Importer(815301076,1909f56bfc062723c751e8b465ee728b)
Start importing Assets/Animations/m_wPrompt.anim using Guid(4056f83ded545cf45928b9201c51fb72) Importer(815301076,1909f56bfc062723c751e8b465ee728b)  -> (artifact id: 'b6f471c43b40cc3f0e6d8e5831cec85e') in 0.007583 seconds
  Import took 0.012873 seconds .

========================================================================
Received Import Request.
  Time since last request: 0.872707 seconds.
  path: Assets/Animations/btn_fadeIn.anim
  artifactKey: Guid(1054907e405a16b4a91459be5b41942c) Importer(815301076,1909f56bfc062723c751e8b465ee728b)
Start importing Assets/Animations/btn_fadeIn.anim using Guid(1054907e405a16b4a91459be5b41942c) Importer(815301076,1909f56bfc062723c751e8b465ee728b)  -> (artifact id: '41af9261fca17c3ba30b2e6b3055040b') in 0.013482 seconds
  Import took 0.018180 seconds .

========================================================================
Received Import Request.
  Time since last request: 0.001051 seconds.
  path: Assets/Animations/btn_fadeIn.anim
  artifactKey: Guid(1054907e405a16b4a91459be5b41942c) Importer(815301076,1909f56bfc062723c751e8b465ee728b)
Start importing Assets/Animations/btn_fadeIn.anim using Guid(1054907e405a16b4a91459be5b41942c) Importer(815301076,1909f56bfc062723c751e8b465ee728b)  -> (artifact id: '41af9261fca17c3ba30b2e6b3055040b') in 0.004804 seconds
  Import took 0.010478 seconds .

========================================================================
Received Prepare
Registering precompiled user dll's ...
Registered in 0.000987 seconds.
Begin MonoManager ReloadAssembly
Native extension for WindowsStandalone target not found
Native extension for WebGL target not found
Refreshing native plugins compatible for Editor in 0.39 ms, found 1 plugins.
Preloading 0 native plugins for Editor in 0.00 ms.
Invoked RoslynAnalysisRunner static constructor.
RoslynAnalysisRunner will not be running.
RoslynAnalysisRunner has terminated.
Mono: successfully reloaded assembly
- Completed reload, in  0.934 seconds
Platform modules already initialized, skipping
Refreshing native plugins compatible for Editor in 0.44 ms, found 1 plugins.
Preloading 0 native plugins for Editor in 0.00 ms.
Unloading 1869 Unused Serialized files (Serialized files now loaded: 0)
System memory in use before: 87.8 MB.
System memory in use after: 87.8 MB.

Unloading 12 unused Assets to reduce memory usage. Loaded Objects now: 2385.
Total: 2.432000 ms (FindLiveObjects: 0.199400 ms CreateObjectMapping: 0.078600 ms MarkObjects: 1.980900 ms  DeleteObjects: 0.171800 ms)

========================================================================
Received Prepare
Registering precompiled user dll's ...
Registered in 0.001424 seconds.
Begin MonoManager ReloadAssembly
Native extension for WindowsStandalone target not found
Native extension for WebGL target not found
Refreshing native plugins compatible for Editor in 0.38 ms, found 1 plugins.
Preloading 0 native plugins for Editor in 0.00 ms.
Invoked RoslynAnalysisRunner static constructor.
RoslynAnalysisRunner will not be running.
RoslynAnalysisRunner has terminated.
Mono: successfully reloaded assembly
- Completed reload, in  0.918 seconds
Platform modules already initialized, skipping
Refreshing native plugins compatible for Editor in 0.41 ms, found 1 plugins.
Preloading 0 native plugins for Editor in 0.00 ms.
Unloading 1869 Unused Serialized files (Serialized files now loaded: 0)
System memory in use before: 87.8 MB.
System memory in use after: 87.8 MB.

Unloading 12 unused Assets to reduce memory usage. Loaded Objects now: 2388.
Total: 3.010400 ms (FindLiveObjects: 0.337800 ms CreateObjectMapping: 0.095500 ms MarkObjects: 2.381200 ms  DeleteObjects: 0.193600 ms)

========================================================================
Received Import Request.
  Time since last request: 35.019192 seconds.
  path: Assets/Animations/btn_fadeIn.anim
  artifactKey: Guid(1054907e405a16b4a91459be5b41942c) Importer(815301076,1909f56bfc062723c751e8b465ee728b)
Start importing Assets/Animations/btn_fadeIn.anim using Guid(1054907e405a16b4a91459be5b41942c) Importer(815301076,1909f56bfc062723c751e8b465ee728b)  -> (artifact id: '30fda0d9443200718fa5eda7c8df94a8') in 0.013134 seconds
  Import took 0.017392 seconds .

========================================================================
Received Prepare
Registering precompiled user dll's ...
Registered in 0.007936 seconds.
Begin MonoManager ReloadAssembly
Native extension for WindowsStandalone target not found
Native extension for WebGL target not found
Refreshing native plugins compatible for Editor in 0.51 ms, found 1 plugins.
Preloading 0 native plugins for Editor in 0.00 ms.
Invoked RoslynAnalysisRunner static constructor.
RoslynAnalysisRunner will not be running.
RoslynAnalysisRunner has terminated.
Mono: successfully reloaded assembly
- Completed reload, in  2.256 seconds
Platform modules already initialized, skipping
Refreshing native plugins compatible for Editor in 0.41 ms, found 1 plugins.
Preloading 0 native plugins for Editor in 0.00 ms.
Unloading 1868 Unused Serialized files (Serialized files now loaded: 0)
System memory in use before: 87.8 MB.
System memory in use after: 87.8 MB.

Unloading 13 unused Assets to reduce memory usage. Loaded Objects now: 2390.
Total: 2.944900 ms (FindLiveObjects: 0.388100 ms CreateObjectMapping: 0.141900 ms MarkObjects: 2.269300 ms  DeleteObjects: 0.143300 ms)

========================================================================
Received Import Request.
  Time since last request: 22051.699258 seconds.
  path: Assets/Scripts/ClueScript.cs
  artifactKey: Guid(5002c7ac30977ad4b8a444e692cd9246) Importer(815301076,1909f56bfc062723c751e8b465ee728b)
Start importing Assets/Scripts/ClueScript.cs using Guid(5002c7ac30977ad4b8a444e692cd9246) Importer(815301076,1909f56bfc062723c751e8b465ee728b)  -> (artifact id: '7bf3478e59cc6447084683c1c12642b8') in 0.026513 seconds
  Import took 0.032116 seconds .

========================================================================
Received Prepare
Registering precompiled user dll's ...
Registered in 0.001588 seconds.
Begin MonoManager ReloadAssembly
Native extension for WindowsStandalone target not found
Native extension for WebGL target not found
Refreshing native plugins compatible for Editor in 0.51 ms, found 1 plugins.
Preloading 0 native plugins for Editor in 0.00 ms.
Invoked RoslynAnalysisRunner static constructor.
RoslynAnalysisRunner will not be running.
RoslynAnalysisRunner has terminated.
Mono: successfully reloaded assembly
- Completed reload, in  1.132 seconds
Platform modules already initialized, skipping
Refreshing native plugins compatible for Editor in 0.48 ms, found 1 plugins.
Preloading 0 native plugins for Editor in 0.00 ms.
Unloading 1867 Unused Serialized files (Serialized files now loaded: 0)
System memory in use before: 87.8 MB.
System memory in use after: 87.8 MB.

Unloading 12 unused Assets to reduce memory usage. Loaded Objects now: 2393.
Total: 3.137300 ms (FindLiveObjects: 0.383100 ms CreateObjectMapping: 0.119700 ms MarkObjects: 2.470300 ms  DeleteObjects: 0.163000 ms)

========================================================================
Received Import Request.
  Time since last request: 10.493567 seconds.
  path: Assets/Scripts/AppHierarchy.cs
  artifactKey: Guid(d365a5c285cf8f2489487cf49bf3a664) Importer(815301076,1909f56bfc062723c751e8b465ee728b)
Start importing Assets/Scripts/AppHierarchy.cs using Guid(d365a5c285cf8f2489487cf49bf3a664) Importer(815301076,1909f56bfc062723c751e8b465ee728b)  -> (artifact id: 'dbf1fb5160dd2f471eb17f0db762e1f8') in 0.010646 seconds
  Import took 0.015389 seconds .

========================================================================
Received Prepare
Registering precompiled user dll's ...
Registered in 0.001160 seconds.
Begin MonoManager ReloadAssembly
Native extension for WindowsStandalone target not found
Native extension for WebGL target not found
Refreshing native plugins compatible for Editor in 0.41 ms, found 1 plugins.
Preloading 0 native plugins for Editor in 0.00 ms.
Invoked RoslynAnalysisRunner static constructor.
RoslynAnalysisRunner will not be running.
RoslynAnalysisRunner has terminated.
Mono: successfully reloaded assembly
- Completed reload, in  1.046 seconds
Platform modules already initialized, skipping
Refreshing native plugins compatible for Editor in 0.40 ms, found 1 plugins.
Preloading 0 native plugins for Editor in 0.00 ms.
Unloading 1866 Unused Serialized files (Serialized files now loaded: 0)
System memory in use before: 87.8 MB.
System memory in use after: 87.7 MB.

Unloading 13 unused Assets to reduce memory usage. Loaded Objects now: 2395.
Total: 2.972800 ms (FindLiveObjects: 0.340400 ms CreateObjectMapping: 0.105400 ms MarkObjects: 2.355600 ms  DeleteObjects: 0.170300 ms)

========================================================================
Received Import Request.
  Time since last request: 34.435308 seconds.
  path: Assets/Scripts/MessageS
  artifactKey: Guid(1b2587b9024adbf4bb53a3540390fb5e) Importer(815301076,1909f56bfc062723c751e8b465ee728b)
Start importing Assets/Scripts/MessageS using Guid(1b2587b9024adbf4bb53a3540390fb5e) Importer(815301076,1909f56bfc062723c751e8b465ee728b)  -> (artifact id: '1a930923163c6d5addc77e6fedd2d129') in 0.014300 seconds
  Import took 0.018381 seconds .

========================================================================
Received Prepare
Registering precompiled user dll's ...
Registered in 0.001179 seconds.
Begin MonoManager ReloadAssembly
Native extension for WindowsStandalone target not found
Native extension for WebGL target not found
Refreshing native plugins compatible for Editor in 0.40 ms, found 1 plugins.
Preloading 0 native plugins for Editor in 0.00 ms.
Invoked RoslynAnalysisRunner static constructor.
RoslynAnalysisRunner will not be running.
RoslynAnalysisRunner has terminated.
Mono: successfully reloaded assembly
- Completed reload, in  1.003 seconds
Platform modules already initialized, skipping
Refreshing native plugins compatible for Editor in 0.51 ms, found 1 plugins.
Preloading 0 native plugins for Editor in 0.00 ms.
Unloading 1866 Unused Serialized files (Serialized files now loaded: 0)
System memory in use before: 87.8 MB.
System memory in use after: 87.8 MB.

Unloading 12 unused Assets to reduce memory usage. Loaded Objects now: 2398.
Total: 3.881500 ms (FindLiveObjects: 0.698300 ms CreateObjectMapping: 0.189800 ms MarkObjects: 2.833700 ms  DeleteObjects: 0.157900 ms)

========================================================================
Received Prepare
Registering precompiled user dll's ...
Registered in 0.001159 seconds.
Begin MonoManager ReloadAssembly
Native extension for WindowsStandalone target not found
Native extension for WebGL target not found
Refreshing native plugins compatible for Editor in 0.66 ms, found 1 plugins.
Preloading 0 native plugins for Editor in 0.00 ms.
Invoked RoslynAnalysisRunner static constructor.
RoslynAnalysisRunner will not be running.
RoslynAnalysisRunner has terminated.
Mono: successfully reloaded assembly
- Completed reload, in  0.997 seconds
Platform modules already initialized, skipping
Refreshing native plugins compatible for Editor in 0.51 ms, found 1 plugins.
Preloading 0 native plugins for Editor in 0.00 ms.
Unloading 1866 Unused Serialized files (Serialized files now loaded: 0)
System memory in use before: 87.8 MB.
System memory in use after: 87.8 MB.

Unloading 12 unused Assets to reduce memory usage. Loaded Objects now: 2401.
Total: 3.481100 ms (FindLiveObjects: 0.447500 ms CreateObjectMapping: 0.187000 ms MarkObjects: 2.711300 ms  DeleteObjects: 0.133800 ms)

========================================================================
Received Import Request.
  Time since last request: 36.968980 seconds.
  path: Assets/Scripts/Messages
  artifactKey: Guid(1b2587b9024adbf4bb53a3540390fb5e) Importer(815301076,1909f56bfc062723c751e8b465ee728b)
Start importing Assets/Scripts/Messages using Guid(1b2587b9024adbf4bb53a3540390fb5e) Importer(815301076,1909f56bfc062723c751e8b465ee728b)  -> (artifact id: 'c8e5faf044b16846224c87ce9ac82312') in 0.014052 seconds
  Import took 0.019391 seconds .

========================================================================
Received Prepare
Registering precompiled user dll's ...
Registered in 0.001232 seconds.
Begin MonoManager ReloadAssembly
Native extension for WindowsStandalone target not found
Native extension for WebGL target not found
Refreshing native plugins compatible for Editor in 0.38 ms, found 1 plugins.
Preloading 0 native plugins for Editor in 0.00 ms.
Invoked RoslynAnalysisRunner static constructor.
RoslynAnalysisRunner will not be running.
RoslynAnalysisRunner has terminated.
Mono: successfully reloaded assembly
- Completed reload, in  0.924 seconds
Platform modules already initialized, skipping
Refreshing native plugins compatible for Editor in 0.42 ms, found 1 plugins.
Preloading 0 native plugins for Editor in 0.00 ms.
Unloading 1866 Unused Serialized files (Serialized files now loaded: 0)
System memory in use before: 87.8 MB.
System memory in use after: 87.8 MB.

Unloading 12 unused Assets to reduce memory usage. Loaded Objects now: 2404.
Total: 2.789100 ms (FindLiveObjects: 0.433500 ms CreateObjectMapping: 0.123900 ms MarkObjects: 2.072100 ms  DeleteObjects: 0.158600 ms)

========================================================================
Received Import Request.
  Time since last request: 53.148191 seconds.
  path: Assets/ScriptsVer1.1/FadeTransition.cs
  artifactKey: Guid(03295555b82732643ae3370a09715d7f) Importer(815301076,1909f56bfc062723c751e8b465ee728b)
Start importing Assets/ScriptsVer1.1/FadeTransition.cs using Guid(03295555b82732643ae3370a09715d7f) Importer(815301076,1909f56bfc062723c751e8b465ee728b)  -> (artifact id: '6d8a70353c33aa1501eacddc7599bc27') in 0.013042 seconds
  Import took 0.017504 seconds .

========================================================================
Received Import Request.
  Time since last request: 0.620930 seconds.
  path: Assets/ScriptsVer1.1/SlideTransition.cs
  artifactKey: Guid(d698d98b245db8f4981c8ca827b19b04) Importer(815301076,1909f56bfc062723c751e8b465ee728b)
Start importing Assets/ScriptsVer1.1/SlideTransition.cs using Guid(d698d98b245db8f4981c8ca827b19b04) Importer(815301076,1909f56bfc062723c751e8b465ee728b)  -> (artifact id: '3a94c268a61c31ceaed3a5e721ef806d') in 0.008793 seconds
  Import took 0.015142 seconds .

========================================================================
Received Import Request.
  Time since last request: 27.334939 seconds.
  path: Assets/Scripts/CRPicScript.cs
  artifactKey: Guid(5d974015e106ae642825a398130cb78a) Importer(815301076,1909f56bfc062723c751e8b465ee728b)
Start importing Assets/Scripts/CRPicScript.cs using Guid(5d974015e106ae642825a398130cb78a) Importer(815301076,1909f56bfc062723c751e8b465ee728b)  -> (artifact id: '12b034e042915a6eccb4c4cb7a555f99') in 0.008202 seconds
  Import took 0.012887 seconds .

========================================================================
Received Import Request.
  Time since last request: 30.948883 seconds.
  path: Assets/Scripts/UI/FlashScript.cs
  artifactKey: Guid(d152c577dc79c204eafd50d3f4188541) Importer(815301076,1909f56bfc062723c751e8b465ee728b)
Start importing Assets/Scripts/UI/FlashScript.cs using Guid(d152c577dc79c204eafd50d3f4188541) Importer(815301076,1909f56bfc062723c751e8b465ee728b)  -> (artifact id: '7d62071d274b5ec53d902e3aba1a1995') in 0.013370 seconds
  Import took 0.018595 seconds .

========================================================================
Received Import Request.
  Time since last request: 0.001810 seconds.
  path: Assets/Scripts/UI/FlashScript.cs
  artifactKey: Guid(d152c577dc79c204eafd50d3f4188541) Importer(815301076,1909f56bfc062723c751e8b465ee728b)
Start importing Assets/Scripts/UI/FlashScript.cs using Guid(d152c577dc79c204eafd50d3f4188541) Importer(815301076,1909f56bfc062723c751e8b465ee728b)  -> (artifact id: '7d62071d274b5ec53d902e3aba1a1995') in 0.006347 seconds
  Import took 0.010440 seconds .

========================================================================
Received Prepare
Registering precompiled user dll's ...
Registered in 0.001305 seconds.
Begin MonoManager ReloadAssembly
Native extension for WindowsStandalone target not found
Native extension for WebGL target not found
Refreshing native plugins compatible for Editor in 0.39 ms, found 1 plugins.
Preloading 0 native plugins for Editor in 0.00 ms.
Invoked RoslynAnalysisRunner static constructor.
RoslynAnalysisRunner will not be running.
RoslynAnalysisRunner has terminated.
Mono: successfully reloaded assembly
- Completed reload, in  1.117 seconds
Platform modules already initialized, skipping
Refreshing native plugins compatible for Editor in 0.39 ms, found 1 plugins.
Preloading 0 native plugins for Editor in 0.00 ms.
Unloading 1866 Unused Serialized files (Serialized files now loaded: 0)
System memory in use before: 87.8 MB.
System memory in use after: 87.8 MB.

Unloading 12 unused Assets to reduce memory usage. Loaded Objects now: 2407.
Total: 2.662100 ms (FindLiveObjects: 0.327900 ms CreateObjectMapping: 0.226400 ms MarkObjects: 1.934900 ms  DeleteObjects: 0.165100 ms)

========================================================================
Received Import Request.
  Time since last request: 35.931467 seconds.
  path: Assets/Scripts/Messages/StaticClonedMessage.cs
  artifactKey: Guid(55e51d4d4eb720e42b9f0606bbfc3a6b) Importer(815301076,1909f56bfc062723c751e8b465ee728b)
Start importing Assets/Scripts/Messages/StaticClonedMessage.cs using Guid(55e51d4d4eb720e42b9f0606bbfc3a6b) Importer(815301076,1909f56bfc062723c751e8b465ee728b)  -> (artifact id: 'f605f545dbe0caaeb70f01f7a76b67c5') in 0.009150 seconds
  Import took 0.013822 seconds .

========================================================================
Received Import Request.
  Time since last request: 1.391244 seconds.
  path: Assets/Scripts/Messages/TurnInvisble.cs
  artifactKey: Guid(f66d25a7feb1a0a46b2806cb0db8ad6a) Importer(815301076,1909f56bfc062723c751e8b465ee728b)
Start importing Assets/Scripts/Messages/TurnInvisble.cs using Guid(f66d25a7feb1a0a46b2806cb0db8ad6a) Importer(815301076,1909f56bfc062723c751e8b465ee728b)  -> (artifact id: '77e93027bed28506ff13b1bb9fbfabf7') in 0.007635 seconds
  Import took 0.014106 seconds .

========================================================================
Received Prepare
Registering precompiled user dll's ...
Registered in 0.001638 seconds.
Begin MonoManager ReloadAssembly
Native extension for WindowsStandalone target not found
Native extension for WebGL target not found
Refreshing native plugins compatible for Editor in 0.41 ms, found 1 plugins.
Preloading 0 native plugins for Editor in 0.00 ms.
Invoked RoslynAnalysisRunner static constructor.
RoslynAnalysisRunner will not be running.
RoslynAnalysisRunner has terminated.
Mono: successfully reloaded assembly
- Completed reload, in  1.002 seconds
Platform modules already initialized, skipping
Refreshing native plugins compatible for Editor in 0.44 ms, found 1 plugins.
Preloading 0 native plugins for Editor in 0.00 ms.
Unloading 1865 Unused Serialized files (Serialized files now loaded: 0)
System memory in use before: 87.8 MB.
System memory in use after: 87.8 MB.

Unloading 13 unused Assets to reduce memory usage. Loaded Objects now: 2409.
Total: 3.616200 ms (FindLiveObjects: 0.359900 ms CreateObjectMapping: 0.161600 ms MarkObjects: 2.813900 ms  DeleteObjects: 0.279300 ms)

========================================================================
Received Import Request.
  Time since last request: 26.085203 seconds.
  path: Assets/Prefabs/messages/Message.prefab
  artifactKey: Guid(86ae8ac4e2c63b94a8fcb958d75a9e89) Importer(815301076,1909f56bfc062723c751e8b465ee728b)
Start importing Assets/Prefabs/messages/Message.prefab using Guid(86ae8ac4e2c63b94a8fcb958d75a9e89) Importer(815301076,1909f56bfc062723c751e8b465ee728b)  -> (artifact id: 'afc0aabedd610928050c20ab9c31bc20') in 0.089820 seconds
  Import took 0.094408 seconds .

========================================================================
Received Import Request.
  Time since last request: 0.000311 seconds.
  path: Assets/Prefabs/messages/SM.prefab
  artifactKey: Guid(c1c052d44c7546d419b49e73719b5198) Importer(815301076,1909f56bfc062723c751e8b465ee728b)
Start importing Assets/Prefabs/messages/SM.prefab using Guid(c1c052d44c7546d419b49e73719b5198) Importer(815301076,1909f56bfc062723c751e8b465ee728b)  -> (artifact id: '81f651241b4ceeb2220372a97604a8fa') in 0.020431 seconds
  Import took 0.025848 seconds .

========================================================================
Received Import Request.
  Time since last request: 0.000343 seconds.
  path: Assets/Prefabs/messages/Picture.prefab
  artifactKey: Guid(83ac4fd3935fd0b4e8b6c6c1c24008d2) Importer(815301076,1909f56bfc062723c751e8b465ee728b)
Start importing Assets/Prefabs/messages/Picture.prefab using Guid(83ac4fd3935fd0b4e8b6c6c1c24008d2) Importer(815301076,1909f56bfc062723c751e8b465ee728b)  -> (artifact id: '7b5272fd182c44f80f21063c922fac3c') in 0.019648 seconds
  Import took 0.023452 seconds .

========================================================================
Received Import Request.
  Time since last request: 19.182831 seconds.
  path: Assets/Prefabs/messages/SM.prefab
  artifactKey: Guid(c1c052d44c7546d419b49e73719b5198) Importer(815301076,1909f56bfc062723c751e8b465ee728b)
Start importing Assets/Prefabs/messages/SM.prefab using Guid(c1c052d44c7546d419b49e73719b5198) Importer(815301076,1909f56bfc062723c751e8b465ee728b)  -> (artifact id: '86d3aed58fca899be7bbf56ee6e5f7ae') in 0.018559 seconds
  Import took 0.025172 seconds .

========================================================================
Received Import Request.
  Time since last request: 11.152870 seconds.
  path: Assets/Prefabs/messages/Message.prefab
  artifactKey: Guid(86ae8ac4e2c63b94a8fcb958d75a9e89) Importer(815301076,1909f56bfc062723c751e8b465ee728b)
Start importing Assets/Prefabs/messages/Message.prefab using Guid(86ae8ac4e2c63b94a8fcb958d75a9e89) Importer(815301076,1909f56bfc062723c751e8b465ee728b)  -> (artifact id: 'eed5c56f6245d65aea585a837c775a86') in 0.017839 seconds
  Import took 0.023866 seconds .

========================================================================
Received Prepare
Registering precompiled user dll's ...
Registered in 0.001459 seconds.
Begin MonoManager ReloadAssembly
Native extension for WindowsStandalone target not found
Native extension for WebGL target not found
Refreshing native plugins compatible for Editor in 0.39 ms, found 1 plugins.
Preloading 0 native plugins for Editor in 0.00 ms.
Invoked RoslynAnalysisRunner static constructor.
RoslynAnalysisRunner will not be running.
RoslynAnalysisRunner has terminated.
Mono: successfully reloaded assembly
- Completed reload, in  0.983 seconds
Platform modules already initialized, skipping
Refreshing native plugins compatible for Editor in 0.43 ms, found 1 plugins.
Preloading 0 native plugins for Editor in 0.00 ms.
Unloading 1865 Unused Serialized files (Serialized files now loaded: 0)
System memory in use before: 88.0 MB.
System memory in use after: 88.0 MB.

Unloading 12 unused Assets to reduce memory usage. Loaded Objects now: 2412.
Total: 2.590200 ms (FindLiveObjects: 0.254100 ms CreateObjectMapping: 0.069400 ms MarkObjects: 2.103800 ms  DeleteObjects: 0.161800 ms)

========================================================================
Received Prepare
Registering precompiled user dll's ...
Registered in 0.002583 seconds.
Begin MonoManager ReloadAssembly
Native extension for WindowsStandalone target not found
Native extension for WebGL target not found
Refreshing native plugins compatible for Editor in 1.59 ms, found 1 plugins.
Preloading 0 native plugins for Editor in 0.00 ms.
Invoked RoslynAnalysisRunner static constructor.
RoslynAnalysisRunner will not be running.
RoslynAnalysisRunner has terminated.
Mono: successfully reloaded assembly
- Completed reload, in  1.955 seconds
Platform modules already initialized, skipping
Refreshing native plugins compatible for Editor in 1.86 ms, found 1 plugins.
Preloading 0 native plugins for Editor in 0.00 ms.
Unloading 1865 Unused Serialized files (Serialized files now loaded: 0)
System memory in use before: 88.0 MB.
System memory in use after: 88.0 MB.

Unloading 12 unused Assets to reduce memory usage. Loaded Objects now: 2415.
Total: 5.889500 ms (FindLiveObjects: 1.542800 ms CreateObjectMapping: 0.284800 ms MarkObjects: 3.799900 ms  DeleteObjects: 0.251300 ms)

========================================================================
Received Import Request.
  Time since last request: 142.946253 seconds.
  path: Assets/Prefabs/PictureBtn.prefab
  artifactKey: Guid(46ed61a532a83b24ca14ee724db056ff) Importer(815301076,1909f56bfc062723c751e8b465ee728b)
Start importing Assets/Prefabs/PictureBtn.prefab using Guid(46ed61a532a83b24ca14ee724db056ff) Importer(815301076,1909f56bfc062723c751e8b465ee728b)  -> (artifact id: '074fe499d48ccf494fbc1a314e8c05d1') in 0.044943 seconds
  Import took 0.049345 seconds .

========================================================================
Received Prepare
Registering precompiled user dll's ...
Registered in 0.002234 seconds.
Begin MonoManager ReloadAssembly
Native extension for WindowsStandalone target not found
Native extension for WebGL target not found
Refreshing native plugins compatible for Editor in 1.22 ms, found 1 plugins.
Preloading 0 native plugins for Editor in 0.00 ms.
Invoked RoslynAnalysisRunner static constructor.
RoslynAnalysisRunner will not be running.
RoslynAnalysisRunner has terminated.
Mono: successfully reloaded assembly
- Completed reload, in  1.723 seconds
Platform modules already initialized, skipping
Refreshing native plugins compatible for Editor in 1.33 ms, found 1 plugins.
Preloading 0 native plugins for Editor in 0.00 ms.
Unloading 1865 Unused Serialized files (Serialized files now loaded: 0)
System memory in use before: 88.0 MB.
System memory in use after: 88.0 MB.

Unloading 12 unused Assets to reduce memory usage. Loaded Objects now: 2418.
Total: 9.305100 ms (FindLiveObjects: 1.044000 ms CreateObjectMapping: 0.841300 ms MarkObjects: 6.983800 ms  DeleteObjects: 0.427200 ms)

========================================================================
Received Import Request.
  Time since last request: 79.899642 seconds.
  path: Assets/Prefabs/Photoapp.prefab
  artifactKey: Guid(bbfe2e0303537bc45addc9c5e555a6a2) Importer(815301076,1909f56bfc062723c751e8b465ee728b)
Start importing Assets/Prefabs/Photoapp.prefab using Guid(bbfe2e0303537bc45addc9c5e555a6a2) Importer(815301076,1909f56bfc062723c751e8b465ee728b)  -> (artifact id: '7dcd7c106cb3357bf2c6766263de9859') in 0.128727 seconds
  Import took 0.133158 seconds .

========================================================================
Received Import Request.
  Time since last request: 18.544162 seconds.
  path: Assets/Prefabs/messages/Picture.prefab
  artifactKey: Guid(83ac4fd3935fd0b4e8b6c6c1c24008d2) Importer(815301076,1909f56bfc062723c751e8b465ee728b)
Start importing Assets/Prefabs/messages/Picture.prefab using Guid(83ac4fd3935fd0b4e8b6c6c1c24008d2) Importer(815301076,1909f56bfc062723c751e8b465ee728b)  -> (artifact id: '1993ce7e30a7b8d339f57af6e27cbe90') in 0.015602 seconds
  Import took 0.020154 seconds .

========================================================================
Received Prepare
Registering precompiled user dll's ...
Registered in 0.001071 seconds.
Begin MonoManager ReloadAssembly
Native extension for WindowsStandalone target not found
Native extension for WebGL target not found
Refreshing native plugins compatible for Editor in 0.46 ms, found 1 plugins.
Preloading 0 native plugins for Editor in 0.00 ms.
Invoked RoslynAnalysisRunner static constructor.
RoslynAnalysisRunner will not be running.
RoslynAnalysisRunner has terminated.
Mono: successfully reloaded assembly
- Completed reload, in  0.934 seconds
Platform modules already initialized, skipping
Refreshing native plugins compatible for Editor in 0.84 ms, found 1 plugins.
Preloading 0 native plugins for Editor in 0.00 ms.
Unloading 1865 Unused Serialized files (Serialized files now loaded: 0)
System memory in use before: 88.5 MB.
System memory in use after: 88.5 MB.

Unloading 15 unused Assets to reduce memory usage. Loaded Objects now: 2421.
Total: 2.474100 ms (FindLiveObjects: 0.195700 ms CreateObjectMapping: 0.079100 ms MarkObjects: 2.013800 ms  DeleteObjects: 0.184500 ms)

========================================================================
Received Prepare
Registering precompiled user dll's ...
Registered in 0.001129 seconds.
Begin MonoManager ReloadAssembly
Native extension for WindowsStandalone target not found
Native extension for WebGL target not found
Refreshing native plugins compatible for Editor in 0.38 ms, found 1 plugins.
Preloading 0 native plugins for Editor in 0.00 ms.
Invoked RoslynAnalysisRunner static constructor.
RoslynAnalysisRunner will not be running.
RoslynAnalysisRunner has terminated.
Mono: successfully reloaded assembly
- Completed reload, in  0.953 seconds
Platform modules already initialized, skipping
Refreshing native plugins compatible for Editor in 0.43 ms, found 1 plugins.
Preloading 0 native plugins for Editor in 0.00 ms.
Unloading 1865 Unused Serialized files (Serialized files now loaded: 0)
System memory in use before: 88.5 MB.
System memory in use after: 88.5 MB.

Unloading 12 unused Assets to reduce memory usage. Loaded Objects now: 2424.
Total: 3.209000 ms (FindLiveObjects: 0.423200 ms CreateObjectMapping: 0.199000 ms MarkObjects: 2.431200 ms  DeleteObjects: 0.154200 ms)

========================================================================
Received Import Request.
  Time since last request: 729.546998 seconds.
  path: Assets/Sprites/concord.png
  artifactKey: Guid(1700d6bf649949b429cd429aafca1a66) Importer(815301076,1909f56bfc062723c751e8b465ee728b)
Start importing Assets/Sprites/concord.png using Guid(1700d6bf649949b429cd429aafca1a66) Importer(815301076,1909f56bfc062723c751e8b465ee728b)  -> (artifact id: '36b9d095846eb253caac45ba4463f91a') in 0.171555 seconds
  Import took 0.176991 seconds .

========================================================================
Received Import Request.
  Time since last request: 729.052282 seconds.
  path: Assets/Sprites/concord_messageBG.png
  artifactKey: Guid(8f035fde0f723754fbfef992e21d343c) Importer(815301076,1909f56bfc062723c751e8b465ee728b)
Start importing Assets/Sprites/concord_messageBG.png using Guid(8f035fde0f723754fbfef992e21d343c) Importer(815301076,1909f56bfc062723c751e8b465ee728b)  -> (artifact id: '675056b6680c1b6b237d8b6a9e7803a9') in 0.024937 seconds
  Import took 0.031583 seconds .

========================================================================
Received Import Request.
  Time since last request: 0.001544 seconds.
  path: Assets/Sprites/concord_messageBG.png
  artifactKey: Guid(8f035fde0f723754fbfef992e21d343c) Importer(815301076,1909f56bfc062723c751e8b465ee728b)
Start importing Assets/Sprites/concord_messageBG.png using Guid(8f035fde0f723754fbfef992e21d343c) Importer(815301076,1909f56bfc062723c751e8b465ee728b)  -> (artifact id: '675056b6680c1b6b237d8b6a9e7803a9') in 0.013168 seconds
  Import took 0.016925 seconds .

========================================================================
Received Import Request.
  Time since last request: 50.971008 seconds.
  path: Assets/Sprites/concord_messageBG.png
  artifactKey: Guid(8f035fde0f723754fbfef992e21d343c) Importer(815301076,1909f56bfc062723c751e8b465ee728b)
Start importing Assets/Sprites/concord_messageBG.png using Guid(8f035fde0f723754fbfef992e21d343c) Importer(815301076,1909f56bfc062723c751e8b465ee728b)  -> (artifact id: '26d6d53573549d9defb5a1a2071b9b28') in 0.010908 seconds
  Import took 0.017199 seconds .

========================================================================
Received Import Request.
  Time since last request: 0.003515 seconds.
  path: Assets/Sprites/concord_messageBG.png
  artifactKey: Guid(8f035fde0f723754fbfef992e21d343c) Importer(815301076,1909f56bfc062723c751e8b465ee728b)
Start importing Assets/Sprites/concord_messageBG.png using Guid(8f035fde0f723754fbfef992e21d343c) Importer(815301076,1909f56bfc062723c751e8b465ee728b)  -> (artifact id: '26d6d53573549d9defb5a1a2071b9b28') in 0.011905 seconds
  Import took 0.016282 seconds .

========================================================================
Received Prepare
Registering precompiled user dll's ...
Registered in 0.002039 seconds.
Begin MonoManager ReloadAssembly
Native extension for WindowsStandalone target not found
Native extension for WebGL target not found
Refreshing native plugins compatible for Editor in 0.38 ms, found 1 plugins.
Preloading 0 native plugins for Editor in 0.00 ms.
Invoked RoslynAnalysisRunner static constructor.
RoslynAnalysisRunner will not be running.
RoslynAnalysisRunner has terminated.
Mono: successfully reloaded assembly
- Completed reload, in  0.961 seconds
Platform modules already initialized, skipping
Refreshing native plugins compatible for Editor in 0.51 ms, found 1 plugins.
Preloading 0 native plugins for Editor in 0.00 ms.
Unloading 1865 Unused Serialized files (Serialized files now loaded: 0)
System memory in use before: 91.5 MB.
System memory in use after: 91.5 MB.

Unloading 12 unused Assets to reduce memory usage. Loaded Objects now: 2435.
Total: 3.642900 ms (FindLiveObjects: 0.237500 ms CreateObjectMapping: 0.076000 ms MarkObjects: 3.123800 ms  DeleteObjects: 0.204400 ms)

========================================================================
Received Prepare
Registering precompiled user dll's ...
Registered in 0.001545 seconds.
Begin MonoManager ReloadAssembly
Native extension for WindowsStandalone target not found
Native extension for WebGL target not found
Refreshing native plugins compatible for Editor in 0.45 ms, found 1 plugins.
Preloading 0 native plugins for Editor in 0.00 ms.
Invoked RoslynAnalysisRunner static constructor.
RoslynAnalysisRunner will not be running.
RoslynAnalysisRunner has terminated.
Mono: successfully reloaded assembly
- Completed reload, in  1.099 seconds
Platform modules already initialized, skipping
Refreshing native plugins compatible for Editor in 0.47 ms, found 1 plugins.
Preloading 0 native plugins for Editor in 0.00 ms.
Unloading 1865 Unused Serialized files (Serialized files now loaded: 0)
System memory in use before: 91.5 MB.
System memory in use after: 91.5 MB.

Unloading 12 unused Assets to reduce memory usage. Loaded Objects now: 2438.
Total: 3.044000 ms (FindLiveObjects: 0.432000 ms CreateObjectMapping: 0.175000 ms MarkObjects: 2.286400 ms  DeleteObjects: 0.148700 ms)

AssetImportWorkerClient::OnTransportError - code=2 error=End of file
